0 info it worked if it ends with ok
1 verbose cli [ '/usr/bin/node', '/usr/bin/npm', 'install' ]
2 info using npm@1.4.28
3 info using node@v0.10.40
4 verbose node symlink /usr/bin/node
5 warn package.json CGNM@1.0.1 No description
6 warn package.json CGNM@1.0.1 No repository field.
7 warn package.json CGNM@1.0.1 No README data
8 verbose readDependencies using package.json deps
9 verbose install where, deps [ '/home/gabranches/CGNM',
9 verbose install   [ 'body-parser',
9 verbose install     'express',
9 verbose install     'express-ipfilter',
9 verbose install     'express-session',
9 verbose install     'jade',
9 verbose install     'mongoose' ] ]
10 info preinstall CGNM@1.0.1
11 verbose readDependencies using package.json deps
12 verbose cache add [ 'body-parser@^1.14.1', null ]
13 verbose cache add name=undefined spec="body-parser@^1.14.1" args=["body-parser@^1.14.1",null]
14 verbose parsed url { protocol: null,
14 verbose parsed url   slashes: null,
14 verbose parsed url   auth: null,
14 verbose parsed url   host: null,
14 verbose parsed url   port: null,
14 verbose parsed url   hostname: null,
14 verbose parsed url   hash: null,
14 verbose parsed url   search: null,
14 verbose parsed url   query: null,
14 verbose parsed url   pathname: 'body-parser@^1.14.1',
14 verbose parsed url   path: 'body-parser@^1.14.1',
14 verbose parsed url   href: 'body-parser@^1.14.1' }
15 verbose cache add [ 'express@^4.10.2', null ]
16 verbose cache add name=undefined spec="express@^4.10.2" args=["express@^4.10.2",null]
17 verbose parsed url { protocol: null,
17 verbose parsed url   slashes: null,
17 verbose parsed url   auth: null,
17 verbose parsed url   host: null,
17 verbose parsed url   port: null,
17 verbose parsed url   hostname: null,
17 verbose parsed url   hash: null,
17 verbose parsed url   search: null,
17 verbose parsed url   query: null,
17 verbose parsed url   pathname: 'express@^4.10.2',
17 verbose parsed url   path: 'express@^4.10.2',
17 verbose parsed url   href: 'express@^4.10.2' }
18 verbose cache add [ 'express-ipfilter@0.0.24', null ]
19 verbose cache add name=undefined spec="express-ipfilter@0.0.24" args=["express-ipfilter@0.0.24",null]
20 verbose parsed url { protocol: null,
20 verbose parsed url   slashes: null,
20 verbose parsed url   auth: null,
20 verbose parsed url   host: null,
20 verbose parsed url   port: null,
20 verbose parsed url   hostname: null,
20 verbose parsed url   hash: null,
20 verbose parsed url   search: null,
20 verbose parsed url   query: null,
20 verbose parsed url   pathname: 'express-ipfilter@0.0.24',
20 verbose parsed url   path: 'express-ipfilter@0.0.24',
20 verbose parsed url   href: 'express-ipfilter@0.0.24' }
21 verbose cache add [ 'express-session@^1.11.3', null ]
22 verbose cache add name=undefined spec="express-session@^1.11.3" args=["express-session@^1.11.3",null]
23 verbose parsed url { protocol: null,
23 verbose parsed url   slashes: null,
23 verbose parsed url   auth: null,
23 verbose parsed url   host: null,
23 verbose parsed url   port: null,
23 verbose parsed url   hostname: null,
23 verbose parsed url   hash: null,
23 verbose parsed url   search: null,
23 verbose parsed url   query: null,
23 verbose parsed url   pathname: 'express-session@^1.11.3',
23 verbose parsed url   path: 'express-session@^1.11.3',
23 verbose parsed url   href: 'express-session@^1.11.3' }
24 verbose cache add [ 'jade@^1.11.0', null ]
25 verbose cache add name=undefined spec="jade@^1.11.0" args=["jade@^1.11.0",null]
26 verbose parsed url { protocol: null,
26 verbose parsed url   slashes: null,
26 verbose parsed url   auth: null,
26 verbose parsed url   host: null,
26 verbose parsed url   port: null,
26 verbose parsed url   hostname: null,
26 verbose parsed url   hash: null,
26 verbose parsed url   search: null,
26 verbose parsed url   query: null,
26 verbose parsed url   pathname: 'jade@^1.11.0',
26 verbose parsed url   path: 'jade@^1.11.0',
26 verbose parsed url   href: 'jade@^1.11.0' }
27 verbose cache add name="body-parser" spec="^1.14.1" args=["body-parser","^1.14.1"]
28 verbose parsed url { protocol: null,
28 verbose parsed url   slashes: null,
28 verbose parsed url   auth: null,
28 verbose parsed url   host: null,
28 verbose parsed url   port: null,
28 verbose parsed url   hostname: null,
28 verbose parsed url   hash: null,
28 verbose parsed url   search: null,
28 verbose parsed url   query: null,
28 verbose parsed url   pathname: '^1.14.1',
28 verbose parsed url   path: '^1.14.1',
28 verbose parsed url   href: '^1.14.1' }
29 verbose addNamed [ 'body-parser', '^1.14.1' ]
30 verbose addNamed [ null, '>=1.14.1-0 <2.0.0-0' ]
31 verbose cache add name="express" spec="^4.10.2" args=["express","^4.10.2"]
32 verbose parsed url { protocol: null,
32 verbose parsed url   slashes: null,
32 verbose parsed url   auth: null,
32 verbose parsed url   host: null,
32 verbose parsed url   port: null,
32 verbose parsed url   hostname: null,
32 verbose parsed url   hash: null,
32 verbose parsed url   search: null,
32 verbose parsed url   query: null,
32 verbose parsed url   pathname: '^4.10.2',
32 verbose parsed url   path: '^4.10.2',
32 verbose parsed url   href: '^4.10.2' }
33 verbose addNamed [ 'express', '^4.10.2' ]
34 verbose addNamed [ null, '>=4.10.2-0 <5.0.0-0' ]
35 verbose cache add name="express-ipfilter" spec="0.0.24" args=["express-ipfilter","0.0.24"]
36 verbose parsed url { protocol: null,
36 verbose parsed url   slashes: null,
36 verbose parsed url   auth: null,
36 verbose parsed url   host: null,
36 verbose parsed url   port: null,
36 verbose parsed url   hostname: null,
36 verbose parsed url   hash: null,
36 verbose parsed url   search: null,
36 verbose parsed url   query: null,
36 verbose parsed url   pathname: '0.0.24',
36 verbose parsed url   path: '0.0.24',
36 verbose parsed url   href: '0.0.24' }
37 verbose addNamed [ 'express-ipfilter', '0.0.24' ]
38 verbose addNamed [ '0.0.24', '0.0.24' ]
39 verbose cache add name="express-session" spec="^1.11.3" args=["express-session","^1.11.3"]
40 verbose parsed url { protocol: null,
40 verbose parsed url   slashes: null,
40 verbose parsed url   auth: null,
40 verbose parsed url   host: null,
40 verbose parsed url   port: null,
40 verbose parsed url   hostname: null,
40 verbose parsed url   hash: null,
40 verbose parsed url   search: null,
40 verbose parsed url   query: null,
40 verbose parsed url   pathname: '^1.11.3',
40 verbose parsed url   path: '^1.11.3',
40 verbose parsed url   href: '^1.11.3' }
41 verbose addNamed [ 'express-session', '^1.11.3' ]
42 verbose addNamed [ null, '>=1.11.3-0 <2.0.0-0' ]
43 verbose cache add [ 'mongoose@^4.2.4', null ]
44 verbose cache add name=undefined spec="mongoose@^4.2.4" args=["mongoose@^4.2.4",null]
45 verbose parsed url { protocol: null,
45 verbose parsed url   slashes: null,
45 verbose parsed url   auth: null,
45 verbose parsed url   host: null,
45 verbose parsed url   port: null,
45 verbose parsed url   hostname: null,
45 verbose parsed url   hash: null,
45 verbose parsed url   search: null,
45 verbose parsed url   query: null,
45 verbose parsed url   pathname: 'mongoose@^4.2.4',
45 verbose parsed url   path: 'mongoose@^4.2.4',
45 verbose parsed url   href: 'mongoose@^4.2.4' }
46 verbose cache add name="jade" spec="^1.11.0" args=["jade","^1.11.0"]
47 verbose parsed url { protocol: null,
47 verbose parsed url   slashes: null,
47 verbose parsed url   auth: null,
47 verbose parsed url   host: null,
47 verbose parsed url   port: null,
47 verbose parsed url   hostname: null,
47 verbose parsed url   hash: null,
47 verbose parsed url   search: null,
47 verbose parsed url   query: null,
47 verbose parsed url   pathname: '^1.11.0',
47 verbose parsed url   path: '^1.11.0',
47 verbose parsed url   href: '^1.11.0' }
48 verbose addNamed [ 'jade', '^1.11.0' ]
49 verbose addNamed [ null, '>=1.11.0-0 <2.0.0-0' ]
50 silly lockFile 1f68d08c-body-parser-1-14-1 body-parser@^1.14.1
51 verbose lock body-parser@^1.14.1 /home/gabranches/.npm/1f68d08c-body-parser-1-14-1.lock
52 silly lockFile 77b2ac86-express-4-10-2 express@^4.10.2
53 verbose lock express@^4.10.2 /home/gabranches/.npm/77b2ac86-express-4-10-2.lock
54 silly lockFile d8c2b10c-express-ipfilter-0-0-24 express-ipfilter@0.0.24
55 verbose lock express-ipfilter@0.0.24 /home/gabranches/.npm/d8c2b10c-express-ipfilter-0-0-24.lock
56 silly lockFile 0a7d5dad-express-session-1-11-3 express-session@^1.11.3
57 verbose lock express-session@^1.11.3 /home/gabranches/.npm/0a7d5dad-express-session-1-11-3.lock
58 silly lockFile 6113fc24-jade-1-11-0 jade@^1.11.0
59 verbose lock jade@^1.11.0 /home/gabranches/.npm/6113fc24-jade-1-11-0.lock
60 verbose cache add name="mongoose" spec="^4.2.4" args=["mongoose","^4.2.4"]
61 verbose parsed url { protocol: null,
61 verbose parsed url   slashes: null,
61 verbose parsed url   auth: null,
61 verbose parsed url   host: null,
61 verbose parsed url   port: null,
61 verbose parsed url   hostname: null,
61 verbose parsed url   hash: null,
61 verbose parsed url   search: null,
61 verbose parsed url   query: null,
61 verbose parsed url   pathname: '^4.2.4',
61 verbose parsed url   path: '^4.2.4',
61 verbose parsed url   href: '^4.2.4' }
62 verbose addNamed [ 'mongoose', '^4.2.4' ]
63 verbose addNamed [ null, '>=4.2.4-0 <5.0.0-0' ]
64 silly lockFile 05a9f8c4-mongoose-4-2-4 mongoose@^4.2.4
65 verbose lock mongoose@^4.2.4 /home/gabranches/.npm/05a9f8c4-mongoose-4-2-4.lock
66 silly addNameRange { name: 'body-parser',
66 silly addNameRange   range: '>=1.14.1-0 <2.0.0-0',
66 silly addNameRange   hasData: false }
67 silly addNameRange { name: 'jade', range: '>=1.11.0-0 <2.0.0-0', hasData: false }
68 silly addNameRange { name: 'mongoose', range: '>=4.2.4-0 <5.0.0-0', hasData: false }
69 silly addNameRange { name: 'express', range: '>=4.10.2-0 <5.0.0-0', hasData: false }
70 silly addNameRange { name: 'express-session',
70 silly addNameRange   range: '>=1.11.3-0 <2.0.0-0',
70 silly addNameRange   hasData: false }
71 verbose request where is /express-ipfilter
72 verbose request registry https://registry.npmjs.org/
73 verbose request id a1c9b78f1493fbab
74 verbose url raw /express-ipfilter
75 verbose url resolving [ 'https://registry.npmjs.org/', './express-ipfilter' ]
76 verbose url resolved https://registry.npmjs.org/express-ipfilter
77 verbose request where is https://registry.npmjs.org/express-ipfilter
78 info trying registry request attempt 1 at 17:39:56
79 http GET https://registry.npmjs.org/express-ipfilter
80 verbose request where is /jade
81 verbose request registry https://registry.npmjs.org/
82 verbose url raw /jade
83 verbose url resolving [ 'https://registry.npmjs.org/', './jade' ]
84 verbose url resolved https://registry.npmjs.org/jade
85 verbose request where is https://registry.npmjs.org/jade
86 info trying registry request attempt 1 at 17:39:56
87 verbose etag "PO1UIMCHH2H3X9VHEL1TFGGC"
88 http GET https://registry.npmjs.org/jade
89 verbose request where is /express-session
90 verbose request registry https://registry.npmjs.org/
91 verbose url raw /express-session
92 verbose url resolving [ 'https://registry.npmjs.org/', './express-session' ]
93 verbose url resolved https://registry.npmjs.org/express-session
94 verbose request where is https://registry.npmjs.org/express-session
95 info trying registry request attempt 1 at 17:39:56
96 verbose etag "DC43WV3IR60QN5W7S4BQKR79N"
97 http GET https://registry.npmjs.org/express-session
98 verbose request where is /express
99 verbose request registry https://registry.npmjs.org/
100 verbose url raw /express
101 verbose url resolving [ 'https://registry.npmjs.org/', './express' ]
102 verbose url resolved https://registry.npmjs.org/express
103 verbose request where is https://registry.npmjs.org/express
104 info trying registry request attempt 1 at 17:39:56
105 verbose etag "5E26ZJA9ARQJ2I90WLN84SFVY"
106 http GET https://registry.npmjs.org/express
107 verbose request where is /mongoose
108 verbose request registry https://registry.npmjs.org/
109 verbose url raw /mongoose
110 verbose url resolving [ 'https://registry.npmjs.org/', './mongoose' ]
111 verbose url resolved https://registry.npmjs.org/mongoose
112 verbose request where is https://registry.npmjs.org/mongoose
113 info trying registry request attempt 1 at 17:39:56
114 verbose etag "3COS2KM7X5IPUMH75R6TY9SV4"
115 http GET https://registry.npmjs.org/mongoose
116 verbose request where is /body-parser
117 verbose request registry https://registry.npmjs.org/
118 verbose url raw /body-parser
119 verbose url resolving [ 'https://registry.npmjs.org/', './body-parser' ]
120 verbose url resolved https://registry.npmjs.org/body-parser
121 verbose request where is https://registry.npmjs.org/body-parser
122 info trying registry request attempt 1 at 17:39:56
123 verbose etag "5PUUGUY167L80GU4QS6KEX8HP"
124 http GET https://registry.npmjs.org/body-parser
125 http 200 https://registry.npmjs.org/express-session
126 silly registry.get cb [ 200,
126 silly registry.get   { server: 'CouchDB/1.5.0 (Erlang OTP/R16B03)',
126 silly registry.get     etag: '"7QYJ36YG7O6TYCEYWOATHYCLY"',
126 silly registry.get     'content-type': 'application/json',
126 silly registry.get     'cache-control': 'max-age=300',
126 silly registry.get     'content-length': '100659',
126 silly registry.get     'accept-ranges': 'bytes',
126 silly registry.get     date: 'Mon, 01 Feb 2016 22:39:56 GMT',
126 silly registry.get     via: '1.1 varnish',
126 silly registry.get     age: '108',
126 silly registry.get     connection: 'keep-alive',
126 silly registry.get     'x-served-by': 'cache-iad2120-IAD',
126 silly registry.get     'x-cache': 'HIT',
126 silly registry.get     'x-cache-hits': '1',
126 silly registry.get     'x-timer': 'S1454366396.065287,VS0,VE0',
126 silly registry.get     vary: 'Accept' } ]
127 http 200 https://registry.npmjs.org/jade
128 silly registry.get cb [ 200,
128 silly registry.get   { server: 'CouchDB/1.5.0 (Erlang OTP/R16B03)',
128 silly registry.get     etag: '"EPOTBQXW3BQKYR3NUDTECKNSS"',
128 silly registry.get     'content-type': 'application/json',
128 silly registry.get     'cache-control': 'max-age=300',
128 silly registry.get     'content-length': '148409',
128 silly registry.get     'accept-ranges': 'bytes',
128 silly registry.get     date: 'Mon, 01 Feb 2016 22:39:56 GMT',
128 silly registry.get     via: '1.1 varnish',
128 silly registry.get     age: '293',
128 silly registry.get     connection: 'keep-alive',
128 silly registry.get     'x-served-by': 'cache-iad2126-IAD',
128 silly registry.get     'x-cache': 'HIT',
128 silly registry.get     'x-cache-hits': '1',
128 silly registry.get     'x-timer': 'S1454366396.059482,VS0,VE0',
128 silly registry.get     vary: 'Accept' } ]
129 silly addNameRange number 2 { name: 'express-session',
129 silly addNameRange   range: '>=1.11.3-0 <2.0.0-0',
129 silly addNameRange   hasData: true }
130 silly addNameRange versions [ 'express-session',
130 silly addNameRange   [ '1.0.0',
130 silly addNameRange     '1.0.1',
130 silly addNameRange     '1.0.2',
130 silly addNameRange     '1.0.3',
130 silly addNameRange     '1.0.4',
130 silly addNameRange     '1.1.0',
130 silly addNameRange     '1.2.0',
130 silly addNameRange     '1.2.1',
130 silly addNameRange     '1.3.0',
130 silly addNameRange     '1.3.1',
130 silly addNameRange     '1.4.0',
130 silly addNameRange     '1.5.0',
130 silly addNameRange     '1.5.1',
130 silly addNameRange     '1.5.2',
130 silly addNameRange     '1.6.0',
130 silly addNameRange     '1.6.1',
130 silly addNameRange     '1.6.2',
130 silly addNameRange     '1.6.3',
130 silly addNameRange     '1.6.4',
130 silly addNameRange     '1.6.5',
130 silly addNameRange     '1.7.0',
130 silly addNameRange     '1.7.1',
130 silly addNameRange     '1.7.2',
130 silly addNameRange     '1.7.3',
130 silly addNameRange     '1.7.4',
130 silly addNameRange     '1.7.5',
130 silly addNameRange     '1.7.6',
130 silly addNameRange     '1.8.0',
130 silly addNameRange     '1.8.1',
130 silly addNameRange     '1.8.2',
130 silly addNameRange     '1.9.0',
130 silly addNameRange     '1.9.1',
130 silly addNameRange     '1.9.2',
130 silly addNameRange     '1.9.3',
130 silly addNameRange     '1.10.0',
130 silly addNameRange     '1.10.1',
130 silly addNameRange     '1.10.2',
130 silly addNameRange     '1.10.3',
130 silly addNameRange     '1.10.4',
130 silly addNameRange     '1.11.0',
130 silly addNameRange     '1.11.1',
130 silly addNameRange     '1.11.2',
130 silly addNameRange     '1.11.3',
130 silly addNameRange     '1.12.0',
130 silly addNameRange     '1.12.1',
130 silly addNameRange     '1.13.0' ] ]
131 verbose addNamed [ 'express-session', '1.13.0' ]
132 verbose addNamed [ '1.13.0', '1.13.0' ]
133 silly lockFile d66c06c6-express-session-1-13-0 express-session@1.13.0
134 verbose lock express-session@1.13.0 /home/gabranches/.npm/d66c06c6-express-session-1-13-0.lock
135 silly addNameRange number 2 { name: 'jade', range: '>=1.11.0-0 <2.0.0-0', hasData: true }
136 silly addNameRange versions [ 'jade',
136 silly addNameRange   [ '0.0.1',
136 silly addNameRange     '0.0.2',
136 silly addNameRange     '0.1.0',
136 silly addNameRange     '0.2.0',
136 silly addNameRange     '0.2.1',
136 silly addNameRange     '0.2.2',
136 silly addNameRange     '0.2.3',
136 silly addNameRange     '0.2.4',
136 silly addNameRange     '0.3.0',
136 silly addNameRange     '0.4.0',
136 silly addNameRange     '0.4.1',
136 silly addNameRange     '0.5.0',
136 silly addNameRange     '0.5.1',
136 silly addNameRange     '0.5.2',
136 silly addNameRange     '0.5.3',
136 silly addNameRange     '0.5.4',
136 silly addNameRange     '0.5.5',
136 silly addNameRange     '0.5.6',
136 silly addNameRange     '0.5.7',
136 silly addNameRange     '0.6.0',
136 silly addNameRange     '0.6.1',
136 silly addNameRange     '0.6.3',
136 silly addNameRange     '0.7.0',
136 silly addNameRange     '0.7.1',
136 silly addNameRange     '0.8.0',
136 silly addNameRange     '0.8.1',
136 silly addNameRange     '0.8.2',
136 silly addNameRange     '0.8.3',
136 silly addNameRange     '0.8.4',
136 silly addNameRange     '0.8.5',
136 silly addNameRange     '0.8.6',
136 silly addNameRange     '0.8.7',
136 silly addNameRange     '0.8.8',
136 silly addNameRange     '0.8.9',
136 silly addNameRange     '0.9.0',
136 silly addNameRange     '0.9.1',
136 silly addNameRange     '0.9.2',
136 silly addNameRange     '0.9.3',
136 silly addNameRange     '0.10.0',
136 silly addNameRange     '0.10.1',
136 silly addNameRange     '0.10.2',
136 silly addNameRange     '0.10.3',
136 silly addNameRange     '0.10.4',
136 silly addNameRange     '0.10.5',
136 silly addNameRange     '0.10.6',
136 silly addNameRange     '0.10.7',
136 silly addNameRange     '0.11.0',
136 silly addNameRange     '0.11.1',
136 silly addNameRange     '0.12.0',
136 silly addNameRange     '0.12.1',
136 silly addNameRange     '0.12.2',
136 silly addNameRange     '0.12.3',
136 silly addNameRange     '0.12.4',
136 silly addNameRange     '0.13.0',
136 silly addNameRange     '0.14.0',
136 silly addNameRange     '0.14.1',
136 silly addNameRange     '0.14.2',
136 silly addNameRange     '0.15.0',
136 silly addNameRange     '0.15.1',
136 silly addNameRange     '0.15.2',
136 silly addNameRange     '0.15.3',
136 silly addNameRange     '0.15.4',
136 silly addNameRange     '0.16.0',
136 silly addNameRange     '0.16.1',
136 silly addNameRange     '0.16.2',
136 silly addNameRange     '0.16.3',
136 silly addNameRange     '0.16.4',
136 silly addNameRange     '0.17.0',
136 silly addNameRange     '0.18.0',
136 silly addNameRange     '0.19.0',
136 silly addNameRange     '0.20.0',
136 silly addNameRange     '0.20.1',
136 silly addNameRange     '0.20.2',
136 silly addNameRange     '0.20.3',
136 silly addNameRange     '0.21.0',
136 silly addNameRange     '0.22.0',
136 silly addNameRange     '0.22.1',
136 silly addNameRange     '0.23.0',
136 silly addNameRange     '0.24.0',
136 silly addNameRange     '0.25.0',
136 silly addNameRange     '0.26.0',
136 silly addNameRange     '0.26.1',
136 silly addNameRange     '0.26.2',
136 silly addNameRange     '0.26.3',
136 silly addNameRange     '0.27.0',
136 silly addNameRange     '0.27.1',
136 silly addNameRange     '0.27.2',
136 silly addNameRange     '0.27.3',
136 silly addNameRange     '0.27.4',
136 silly addNameRange     '0.27.5',
136 silly addNameRange     '0.27.6',
136 silly addNameRange     '0.27.7',
136 silly addNameRange     '0.28.0',
136 silly addNameRange     '0.28.1',
136 silly addNameRange     '0.28.2',
136 silly addNameRange     '0.29.0',
136 silly addNameRange     '0.30.0',
136 silly addNameRange     '0.31.0',
136 silly addNameRange     '0.31.1',
136 silly addNameRange     '0.31.2',
136 silly addNameRange     '0.32.0',
136 silly addNameRange     '0.33.0',
136 silly addNameRange     '0.34.0',
136 silly addNameRange     '0.34.1',
136 silly addNameRange     '0.35.0',
136 silly addNameRange     '1.0.0',
136 silly addNameRange     '1.0.1',
136 silly addNameRange     '1.0.2',
136 silly addNameRange     '1.1.0',
136 silly addNameRange     '1.1.1',
136 silly addNameRange     '1.1.2',
136 silly addNameRange     '1.1.3',
136 silly addNameRange     '1.1.4',
136 silly addNameRange     '1.1.5',
136 silly addNameRange     '1.2.0',
136 silly addNameRange     '1.3.0',
136 silly addNameRange     '1.3.1',
136 silly addNameRange     '1.4.0',
136 silly addNameRange     '1.4.1',
136 silly addNameRange     '1.4.2',
136 silly addNameRange     '1.5.0',
136 silly addNameRange     '1.6.0',
136 silly addNameRange     '1.7.0',
136 silly addNameRange     '1.8.0',
136 silly addNameRange     '1.8.1',
136 silly addNameRange     '1.8.2',
136 silly addNameRange     '1.9.0',
136 silly addNameRange     '1.9.1',
136 silly addNameRange     '1.9.2',
136 silly addNameRange     '1.10.0',
136 silly addNameRange     '1.11.0' ] ]
137 verbose addNamed [ 'jade', '1.11.0' ]
138 verbose addNamed [ '1.11.0', '1.11.0' ]
139 silly lockFile 3da033ff-jade-1-11-0 jade@1.11.0
140 verbose lock jade@1.11.0 /home/gabranches/.npm/3da033ff-jade-1-11-0.lock
141 http 200 https://registry.npmjs.org/body-parser
142 silly registry.get cb [ 200,
142 silly registry.get   { server: 'CouchDB/1.5.0 (Erlang OTP/R16B03)',
142 silly registry.get     etag: '"3K56TUADAW3WH4VCJRJ33XNFB"',
142 silly registry.get     'content-type': 'application/json',
142 silly registry.get     'cache-control': 'max-age=300',
142 silly registry.get     'content-length': '113307',
142 silly registry.get     'accept-ranges': 'bytes',
142 silly registry.get     date: 'Mon, 01 Feb 2016 22:39:56 GMT',
142 silly registry.get     via: '1.1 varnish',
142 silly registry.get     age: '259',
142 silly registry.get     connection: 'keep-alive',
142 silly registry.get     'x-served-by': 'cache-iad2120-IAD',
142 silly registry.get     'x-cache': 'HIT',
142 silly registry.get     'x-cache-hits': '6',
142 silly registry.get     'x-timer': 'S1454366396.167763,VS0,VE0',
142 silly registry.get     vary: 'Accept' } ]
143 silly lockFile 39b30561-ssion-express-session-1-13-0-tgz https://registry.npmjs.org/express-session/-/express-session-1.13.0.tgz
144 verbose lock https://registry.npmjs.org/express-session/-/express-session-1.13.0.tgz /home/gabranches/.npm/39b30561-ssion-express-session-1-13-0-tgz.lock
145 verbose addRemoteTarball [ 'https://registry.npmjs.org/express-session/-/express-session-1.13.0.tgz',
145 verbose addRemoteTarball   '8ac3b5c0188b48382851d88207b8e7746efb4011' ]
146 silly addNameRange number 2 { name: 'body-parser',
146 silly addNameRange   range: '>=1.14.1-0 <2.0.0-0',
146 silly addNameRange   hasData: true }
147 silly addNameRange versions [ 'body-parser',
147 silly addNameRange   [ '1.0.0',
147 silly addNameRange     '1.0.1',
147 silly addNameRange     '1.0.2',
147 silly addNameRange     '1.1.0',
147 silly addNameRange     '1.1.1',
147 silly addNameRange     '1.1.2',
147 silly addNameRange     '1.2.0',
147 silly addNameRange     '1.2.1',
147 silly addNameRange     '1.2.2',
147 silly addNameRange     '1.3.0',
147 silly addNameRange     '1.3.1',
147 silly addNameRange     '1.4.0',
147 silly addNameRange     '1.4.1',
147 silly addNameRange     '1.4.2',
147 silly addNameRange     '1.4.3',
147 silly addNameRange     '1.5.0',
147 silly addNameRange     '1.5.1',
147 silly addNameRange     '1.5.2',
147 silly addNameRange     '1.6.0',
147 silly addNameRange     '1.6.1',
147 silly addNameRange     '1.6.2',
147 silly addNameRange     '1.6.3',
147 silly addNameRange     '1.6.4',
147 silly addNameRange     '1.6.5',
147 silly addNameRange     '1.6.6',
147 silly addNameRange     '1.6.7',
147 silly addNameRange     '1.7.0',
147 silly addNameRange     '1.8.0',
147 silly addNameRange     '1.8.1',
147 silly addNameRange     '1.8.2',
147 silly addNameRange     '1.8.3',
147 silly addNameRange     '1.8.4',
147 silly addNameRange     '1.9.0',
147 silly addNameRange     '1.9.1',
147 silly addNameRange     '1.9.2',
147 silly addNameRange     '1.9.3',
147 silly addNameRange     '1.10.0',
147 silly addNameRange     '1.10.1',
147 silly addNameRange     '1.10.2',
147 silly addNameRange     '1.11.0',
147 silly addNameRange     '1.12.0',
147 silly addNameRange     '1.12.1',
147 silly addNameRange     '1.12.2',
147 silly addNameRange     '1.12.3',
147 silly addNameRange     '1.12.4',
147 silly addNameRange     '1.13.0',
147 silly addNameRange     '1.13.1',
147 silly addNameRange     '1.13.2',
147 silly addNameRange     '1.13.3',
147 silly addNameRange     '1.14.0',
147 silly addNameRange     '1.14.1',
147 silly addNameRange     '1.14.2' ] ]
148 verbose addNamed [ 'body-parser', '1.14.2' ]
149 verbose addNamed [ '1.14.2', '1.14.2' ]
150 silly lockFile 0510b939-body-parser-1-14-2 body-parser@1.14.2
151 verbose lock body-parser@1.14.2 /home/gabranches/.npm/0510b939-body-parser-1-14-2.lock
152 info retry fetch attempt 1 at 17:39:56
153 verbose fetch to= /tmp/npm-3156-cTudR6xo/registry.npmjs.org/express-session/-/express-session-1.13.0.tgz
154 http GET https://registry.npmjs.org/express-session/-/express-session-1.13.0.tgz
155 silly lockFile e692bfab-dy-parser-body-parser-1-14-2-tgz https://registry.npmjs.org/body-parser/-/body-parser-1.14.2.tgz
156 verbose lock https://registry.npmjs.org/body-parser/-/body-parser-1.14.2.tgz /home/gabranches/.npm/e692bfab-dy-parser-body-parser-1-14-2-tgz.lock
157 verbose addRemoteTarball [ 'https://registry.npmjs.org/body-parser/-/body-parser-1.14.2.tgz',
157 verbose addRemoteTarball   '1015cb1fe2c443858259581db53332f8d0cf50f9' ]
158 info retry fetch attempt 1 at 17:39:56
159 verbose fetch to= /tmp/npm-3156-cTudR6xo/registry.npmjs.org/body-parser/-/body-parser-1.14.2.tgz
160 http GET https://registry.npmjs.org/body-parser/-/body-parser-1.14.2.tgz
161 silly lockFile 3da033ff-jade-1-11-0 jade@1.11.0
162 silly lockFile 3da033ff-jade-1-11-0 jade@1.11.0
163 http 200 https://registry.npmjs.org/mongoose
164 silly registry.get cb [ 200,
164 silly registry.get   { server: 'CouchDB/1.5.0 (Erlang OTP/R16B03)',
164 silly registry.get     etag: '"7LRZQ5KX7IEMVX5JYF4T5GXI8"',
164 silly registry.get     'content-type': 'application/json',
164 silly registry.get     'cache-control': 'max-age=300',
164 silly registry.get     'content-length': '419888',
164 silly registry.get     'accept-ranges': 'bytes',
164 silly registry.get     date: 'Mon, 01 Feb 2016 22:39:56 GMT',
164 silly registry.get     via: '1.1 varnish',
164 silly registry.get     age: '118',
164 silly registry.get     connection: 'keep-alive',
164 silly registry.get     'x-served-by': 'cache-iad2137-IAD',
164 silly registry.get     'x-cache': 'HIT',
164 silly registry.get     'x-cache-hits': '2',
164 silly registry.get     'x-timer': 'S1454366396.121417,VS0,VE0',
164 silly registry.get     vary: 'Accept' } ]
165 silly lockFile 6113fc24-jade-1-11-0 jade@^1.11.0
166 silly lockFile 6113fc24-jade-1-11-0 jade@^1.11.0
167 http 200 https://registry.npmjs.org/express
168 silly registry.get cb [ 200,
168 silly registry.get   { server: 'CouchDB/1.5.0 (Erlang OTP/R16B03)',
168 silly registry.get     etag: '"123YDM8SWJAQYD5133EI822EF"',
168 silly registry.get     'content-type': 'application/json',
168 silly registry.get     'cache-control': 'max-age=300',
168 silly registry.get     'content-length': '533169',
168 silly registry.get     'accept-ranges': 'bytes',
168 silly registry.get     date: 'Mon, 01 Feb 2016 22:39:56 GMT',
168 silly registry.get     via: '1.1 varnish',
168 silly registry.get     age: '63',
168 silly registry.get     connection: 'keep-alive',
168 silly registry.get     'x-served-by': 'cache-iad2125-IAD',
168 silly registry.get     'x-cache': 'HIT',
168 silly registry.get     'x-cache-hits': '478',
168 silly registry.get     'x-timer': 'S1454366396.096966,VS0,VE0',
168 silly registry.get     vary: 'Accept' } ]
169 silly addNameRange number 2 { name: 'mongoose', range: '>=4.2.4-0 <5.0.0-0', hasData: true }
170 silly addNameRange versions [ 'mongoose',
170 silly addNameRange   [ '0.0.1',
170 silly addNameRange     '0.0.2',
170 silly addNameRange     '0.0.3',
170 silly addNameRange     '0.0.4',
170 silly addNameRange     '0.0.5',
170 silly addNameRange     '1.0.0',
170 silly addNameRange     '1.0.1',
170 silly addNameRange     '1.0.2',
170 silly addNameRange     '0.0.6',
170 silly addNameRange     '1.0.3',
170 silly addNameRange     '1.0.4',
170 silly addNameRange     '1.0.5',
170 silly addNameRange     '1.0.6',
170 silly addNameRange     '1.0.7',
170 silly addNameRange     '1.0.8',
170 silly addNameRange     '1.0.10',
170 silly addNameRange     '1.0.11',
170 silly addNameRange     '1.0.12',
170 silly addNameRange     '1.0.13',
170 silly addNameRange     '1.0.14',
170 silly addNameRange     '1.0.15',
170 silly addNameRange     '1.0.16',
170 silly addNameRange     '1.1.0',
170 silly addNameRange     '1.1.1',
170 silly addNameRange     '1.1.2',
170 silly addNameRange     '1.1.3',
170 silly addNameRange     '1.1.4',
170 silly addNameRange     '1.1.5',
170 silly addNameRange     '1.1.6',
170 silly addNameRange     '1.1.7',
170 silly addNameRange     '1.1.8',
170 silly addNameRange     '1.1.9',
170 silly addNameRange     '1.1.10',
170 silly addNameRange     '1.1.11',
170 silly addNameRange     '1.1.12',
170 silly addNameRange     '1.1.13',
170 silly addNameRange     '1.1.14',
170 silly addNameRange     '1.1.15',
170 silly addNameRange     '1.1.16',
170 silly addNameRange     '1.1.17',
170 silly addNameRange     '1.1.18',
170 silly addNameRange     '1.1.19',
170 silly addNameRange     '1.1.20',
170 silly addNameRange     '1.1.21',
170 silly addNameRange     '1.1.22',
170 silly addNameRange     '1.1.23',
170 silly addNameRange     '1.1.24',
170 silly addNameRange     '1.1.25',
170 silly addNameRange     '1.2.0',
170 silly addNameRange     '1.3.0',
170 silly addNameRange     '1.3.1',
170 silly addNameRange     '1.3.2',
170 silly addNameRange     '1.3.3',
170 silly addNameRange     '1.3.4',
170 silly addNameRange     '1.3.5',
170 silly addNameRange     '1.3.6',
170 silly addNameRange     '1.3.7',
170 silly addNameRange     '1.4.0',
170 silly addNameRange     '1.5.0',
170 silly addNameRange     '1.6.0',
170 silly addNameRange     '1.7.2',
170 silly addNameRange     '1.7.3',
170 silly addNameRange     '1.7.4',
170 silly addNameRange     '1.8.0',
170 silly addNameRange     '1.8.1',
170 silly addNameRange     '1.8.2',
170 silly addNameRange     '1.8.3',
170 silly addNameRange     '1.8.4',
170 silly addNameRange     '2.0.0',
170 silly addNameRange     '2.0.1',
170 silly addNameRange     '2.0.2',
170 silly addNameRange     '2.0.3',
170 silly addNameRange     '2.0.4',
170 silly addNameRange     '2.1.0',
170 silly addNameRange     '2.1.1',
170 silly addNameRange     '2.1.2',
170 silly addNameRange     '2.1.3',
170 silly addNameRange     '2.1.4',
170 silly addNameRange     '2.2.0',
170 silly addNameRange     '2.2.1',
170 silly addNameRange     '2.2.2',
170 silly addNameRange     '2.2.3',
170 silly addNameRange     '2.2.4',
170 silly addNameRange     '2.3.0',
170 silly addNameRange     '2.3.1',
170 silly addNameRange     '2.3.2',
170 silly addNameRange     '2.3.3',
170 silly addNameRange     '2.3.4',
170 silly addNameRange     '2.3.5',
170 silly addNameRange     '2.3.6',
170 silly addNameRange     '2.3.7',
170 silly addNameRange     '2.3.8',
170 silly addNameRange     '2.3.9',
170 silly addNameRange     '2.3.10',
170 silly addNameRange     '2.3.11',
170 silly addNameRange     '2.3.12',
170 silly addNameRange     '2.3.13',
170 silly addNameRange     '2.4.0',
170 silly addNameRange     '2.4.1',
170 silly addNameRange     '2.4.2',
170 silly addNameRange     '2.4.3',
170 silly addNameRange     '2.4.4',
170 silly addNameRange     '2.4.5',
170 silly addNameRange     '2.4.6',
170 silly addNameRange     '2.4.7',
170 silly addNameRange     '2.4.8',
170 silly addNameRange     '2.4.9',
170 silly addNameRange     '2.4.10',
170 silly addNameRange     '2.5.0',
170 silly addNameRange     '2.5.1',
170 silly addNameRange     '2.5.2',
170 silly addNameRange     '2.5.3',
170 silly addNameRange     '2.5.4',
170 silly addNameRange     '2.5.5',
170 silly addNameRange     '2.5.6',
170 silly addNameRange     '2.5.7',
170 silly addNameRange     '2.5.8',
170 silly addNameRange     '2.5.9',
170 silly addNameRange     '2.5.10',
170 silly addNameRange     '2.5.11',
170 silly addNameRange     '2.5.12',
170 silly addNameRange     '2.5.13',
170 silly addNameRange     '2.5.14',
170 silly addNameRange     '2.6.0',
170 silly addNameRange     '2.6.1',
170 silly addNameRange     '2.6.2',
170 silly addNameRange     '2.6.3',
170 silly addNameRange     '2.6.4',
170 silly addNameRange     '2.6.5',
170 silly addNameRange     '2.6.6',
170 silly addNameRange     '2.6.7',
170 silly addNameRange     '2.6.8',
170 silly addNameRange     '2.7.0',
170 silly addNameRange     '2.7.1',
170 silly addNameRange     '2.7.2',
170 silly addNameRange     '2.7.4',
170 silly addNameRange     '2.7.3',
170 silly addNameRange     '3.0.0',
170 silly addNameRange     '3.0.1',
170 silly addNameRange     '3.0.2',
170 silly addNameRange     '2.8.0',
170 silly addNameRange     '3.0.3',
170 silly addNameRange     '3.1.0',
170 silly addNameRange     '2.8.1',
170 silly addNameRange     '3.1.1',
170 silly addNameRange     '2.8.2',
170 silly addNameRange     '2.8.3',
170 silly addNameRange     '2.9.0',
170 silly addNameRange     '3.2.0',
170 silly addNameRange     '2.9.1',
170 silly addNameRange     '3.2.1',
170 silly addNameRange     '2.9.2',
170 silly addNameRange     '3.2.2',
170 silly addNameRange     '3.3.0',
170 silly addNameRange     '3.3.1',
170 silly addNameRange     '2.9.3',
170 silly addNameRange     '3.4.0',
170 silly addNameRange     '2.9.4',
170 silly addNameRange     '2.9.5',
170 silly addNameRange     '3.5.0',
170 silly addNameRange     '3.5.1',
170 silly addNameRange     '3.5.2',
170 silly addNameRange     '3.5.3',
170 silly addNameRange     '2.9.6',
170 silly addNameRange     '2.9.7',
170 silly addNameRange     '3.5.4',
170 silly addNameRange     '3.5.5',
170 silly addNameRange     '2.9.8',
170 silly addNameRange     '2.9.9',
170 silly addNameRange     '3.5.6',
170 silly addNameRange     '3.5.7',
170 silly addNameRange     '3.5.8',
170 silly addNameRange     '2.9.10',
170 silly addNameRange     '3.5.9',
170 silly addNameRange     '3.6.2',
170 silly addNameRange     '3.5.10',
170 silly addNameRange     '3.6.3',
170 silly addNameRange     '3.5.11',
170 silly addNameRange     '3.6.4',
170 silly addNameRange     '3.6.5',
170 silly addNameRange     '3.6.6',
170 silly addNameRange     '3.6.7',
170 silly addNameRange     '3.5.12',
170 silly addNameRange     '3.6.8',
170 silly addNameRange     '3.6.9',
170 silly addNameRange     '3.6.10',
170 silly addNameRange     '3.5.13',
170 silly addNameRange     '3.5.14',
170 silly addNameRange     '3.6.11',
170 silly addNameRange     '3.6.12',
170 silly addNameRange     '3.6.13',
170 silly addNameRange     '3.6.14',
170 silly addNameRange     '3.6.15',
170 silly addNameRange     '3.5.15',
170 silly addNameRange     '3.7.0',
170 silly addNameRange     '3.6.16',
170 silly addNameRange     '3.5.16',
170 silly addNameRange     '3.6.17',
170 silly addNameRange     '3.7.2',
170 silly addNameRange     '3.0.0-alpha1',
170 silly addNameRange     '3.0.0-alpha2',
170 silly addNameRange     '3.0.0-rc0',
170 silly addNameRange     '3.6.0-rc0',
170 silly addNameRange     '3.6.0-rc1',
170 silly addNameRange     '3.6.18',
170 silly addNameRange     '3.7.3',
170 silly addNameRange     '3.6.19',
170 silly addNameRange     '3.6.20',
170 silly addNameRange     '3.7.4',
170 silly addNameRange     '3.8.0',
170 silly addNameRange     '3.8.1',
170 silly addNameRange     '3.8.2',
170 silly addNameRange     '3.8.3',
170 silly addNameRange     '3.8.4',
170 silly addNameRange     '3.8.5',
170 silly addNameRange     '3.8.6',
170 silly addNameRange     '3.8.7',
170 silly addNameRange     '3.8.8',
170 silly addNameRange     '3.8.9',
170 silly addNameRange     '3.8.10',
170 silly addNameRange     '3.8.11',
170 silly addNameRange     '3.9.0',
170 silly addNameRange     '3.8.12',
170 silly addNameRange     '3.8.13',
170 silly addNameRange     '3.8.14',
170 silly addNameRange     '3.8.15',
170 silly addNameRange     '3.9.1',
170 silly addNameRange     '3.8.16',
170 silly addNameRange     '3.9.2',
170 silly addNameRange     '3.8.17',
170 silly addNameRange     '3.9.3',
170 silly addNameRange     '3.8.18',
170 silly addNameRange     '3.9.4',
170 silly addNameRange     '3.8.19',
170 silly addNameRange     '3.9.5',
170 silly addNameRange     '3.8.20',
170 silly addNameRange     '3.9.6',
170 silly addNameRange     '3.8.21',
170 silly addNameRange     '3.9.7',
170 silly addNameRange     '3.8.22',
170 silly addNameRange     '4.0.0-rc0',
170 silly addNameRange     '4.0.0-rc1',
170 silly addNameRange     '3.8.23',
170 silly addNameRange     '4.0.0-rc2',
170 silly addNameRange     '3.8.24',
170 silly addNameRange     '4.0.0-rc3',
170 silly addNameRange     '3.8.25',
170 silly addNameRange     '4.0.0-rc4',
170 silly addNameRange     '4.0.0',
170 silly addNameRange     '4.0.1',
170 silly addNameRange     '3.8.26',
170 silly addNameRange     '3.8.27',
170 silly addNameRange     '4.0.2',
170 silly addNameRange     '3.8.28',
170 silly addNameRange     '4.0.3',
170 silly addNameRange     '3.8.29',
170 silly addNameRange     '4.0.4',
170 silly addNameRange     '3.8.30',
170 silly addNameRange     '4.0.5',
170 silly addNameRange     '3.8.31',
170 silly addNameRange     '4.0.6',
170 silly addNameRange     '3.8.33',
170 silly addNameRange     '4.0.7',
170 silly addNameRange     '3.8.34',
170 silly addNameRange     '4.0.8',
170 silly addNameRange     '4.1.0',
170 silly addNameRange     '4.1.1',
170 silly addNameRange     '4.1.2',
170 silly addNameRange     '3.8.35',
170 silly addNameRange     '4.1.3',
170 silly addNameRange     '4.1.5',
170 silly addNameRange     '4.1.6',
170 silly addNameRange     '4.1.7',
170 silly addNameRange     '4.1.8',
170 silly addNameRange     '4.1.9',
170 silly addNameRange     '4.1.10',
170 silly addNameRange     '4.1.11',
170 silly addNameRange     '3.8.36',
170 silly addNameRange     '4.1.12',
170 silly addNameRange     '4.2.0',
170 silly addNameRange     '4.2.1',
170 silly addNameRange     '4.2.2',
170 silly addNameRange     '4.2.3',
170 silly addNameRange     '4.2.4',
170 silly addNameRange     '4.2.5',
170 silly addNameRange     '3.8.37',
170 silly addNameRange     '4.2.6',
170 silly addNameRange     '4.2.7',
170 silly addNameRange     '4.2.8',
170 silly addNameRange     '4.2.9',
170 silly addNameRange     '4.2.10',
170 silly addNameRange     '4.3.0',
170 silly addNameRange     '4.3.1',
170 silly addNameRange     '4.3.2',
170 silly addNameRange     '4.3.3',
170 silly addNameRange     '4.3.4',
170 silly addNameRange     '3.8.38',
170 silly addNameRange     '4.3.5',
170 silly addNameRange     '4.3.6',
170 silly addNameRange     '3.8.39',
170 silly addNameRange     '4.3.7' ] ]
171 verbose addNamed [ 'mongoose', '4.3.7' ]
172 verbose addNamed [ '4.3.7', '4.3.7' ]
173 silly lockFile e37e40c0-mongoose-4-3-7 mongoose@4.3.7
174 verbose lock mongoose@4.3.7 /home/gabranches/.npm/e37e40c0-mongoose-4-3-7.lock
175 silly addNameRange number 2 { name: 'express', range: '>=4.10.2-0 <5.0.0-0', hasData: true }
176 silly addNameRange versions [ 'express',
176 silly addNameRange   [ '0.14.0',
176 silly addNameRange     '0.14.1',
176 silly addNameRange     '1.0.0',
176 silly addNameRange     '1.0.1',
176 silly addNameRange     '1.0.2',
176 silly addNameRange     '1.0.3',
176 silly addNameRange     '1.0.4',
176 silly addNameRange     '1.0.5',
176 silly addNameRange     '1.0.6',
176 silly addNameRange     '1.0.7',
176 silly addNameRange     '1.0.8',
176 silly addNameRange     '2.0.0',
176 silly addNameRange     '2.1.0',
176 silly addNameRange     '2.1.1',
176 silly addNameRange     '2.2.0',
176 silly addNameRange     '2.2.1',
176 silly addNameRange     '2.2.2',
176 silly addNameRange     '2.3.0',
176 silly addNameRange     '2.3.1',
176 silly addNameRange     '2.3.2',
176 silly addNameRange     '2.3.3',
176 silly addNameRange     '2.3.4',
176 silly addNameRange     '2.3.5',
176 silly addNameRange     '2.3.6',
176 silly addNameRange     '2.3.7',
176 silly addNameRange     '2.3.8',
176 silly addNameRange     '2.3.9',
176 silly addNameRange     '2.3.10',
176 silly addNameRange     '2.3.11',
176 silly addNameRange     '2.3.12',
176 silly addNameRange     '2.4.0',
176 silly addNameRange     '2.4.1',
176 silly addNameRange     '2.4.2',
176 silly addNameRange     '2.4.3',
176 silly addNameRange     '2.4.4',
176 silly addNameRange     '2.4.5',
176 silly addNameRange     '2.4.6',
176 silly addNameRange     '2.4.7',
176 silly addNameRange     '2.5.0',
176 silly addNameRange     '2.5.1',
176 silly addNameRange     '2.5.2',
176 silly addNameRange     '2.5.3',
176 silly addNameRange     '2.5.4',
176 silly addNameRange     '2.5.5',
176 silly addNameRange     '2.5.6',
176 silly addNameRange     '2.5.7',
176 silly addNameRange     '2.5.8',
176 silly addNameRange     '2.5.9',
176 silly addNameRange     '2.5.10',
176 silly addNameRange     '2.5.11',
176 silly addNameRange     '3.0.0',
176 silly addNameRange     '3.0.1',
176 silly addNameRange     '3.0.2',
176 silly addNameRange     '3.0.3',
176 silly addNameRange     '3.0.4',
176 silly addNameRange     '3.0.5',
176 silly addNameRange     '3.0.6',
176 silly addNameRange     '3.1.0',
176 silly addNameRange     '3.1.1',
176 silly addNameRange     '3.1.2',
176 silly addNameRange     '3.2.0',
176 silly addNameRange     '3.2.1',
176 silly addNameRange     '3.2.2',
176 silly addNameRange     '3.2.3',
176 silly addNameRange     '3.2.4',
176 silly addNameRange     '3.2.5',
176 silly addNameRange     '3.2.6',
176 silly addNameRange     '3.3.0',
176 silly addNameRange     '3.3.1',
176 silly addNameRange     '3.3.2',
176 silly addNameRange     '3.3.3',
176 silly addNameRange     '3.3.4',
176 silly addNameRange     '3.3.5',
176 silly addNameRange     '3.3.6',
176 silly addNameRange     '1.0.0-beta',
176 silly addNameRange     '1.0.0-beta2',
176 silly addNameRange     '1.0.0-rc',
176 silly addNameRange     '1.0.0-rc2',
176 silly addNameRange     '1.0.0-rc3',
176 silly addNameRange     '1.0.0-rc4',
176 silly addNameRange     '2.0.0-beta',
176 silly addNameRange     '2.0.0-beta2',
176 silly addNameRange     '2.0.0-beta3',
176 silly addNameRange     '2.0.0-rc',
176 silly addNameRange     '2.0.0-rc2',
176 silly addNameRange     '2.0.0-rc3',
176 silly addNameRange     '3.0.0-alpha1',
176 silly addNameRange     '3.0.0-alpha2',
176 silly addNameRange     '3.0.0-alpha3',
176 silly addNameRange     '3.0.0-alpha4',
176 silly addNameRange     '3.0.0-alpha5',
176 silly addNameRange     '3.0.0-beta1',
176 silly addNameRange     '3.0.0-beta2',
176 silly addNameRange     '3.0.0-beta3',
176 silly addNameRange     '3.0.0-beta4',
176 silly addNameRange     '3.0.0-beta6',
176 silly addNameRange     '3.0.0-beta7',
176 silly addNameRange     '3.0.0-rc1',
176 silly addNameRange     '3.0.0-rc2',
176 silly addNameRange     '3.0.0-rc3',
176 silly addNameRange     '3.0.0-rc4',
176 silly addNameRange     '3.0.0-rc5',
176 silly addNameRange     '3.3.7',
176 silly addNameRange     '3.3.8',
176 silly addNameRange     '3.4.0',
176 silly addNameRange     '3.4.1',
176 silly addNameRange     '3.4.2',
176 silly addNameRange     '3.4.3',
176 silly addNameRange     '3.4.4',
176 silly addNameRange     '3.4.5',
176 silly addNameRange     '3.4.6',
176 silly addNameRange     '3.4.7',
176 silly addNameRange     '3.4.8',
176 silly addNameRange     '4.0.0-rc1',
176 silly addNameRange     '4.0.0-rc2',
176 silly addNameRange     '3.5.0',
176 silly addNameRange     '4.0.0-rc3',
176 silly addNameRange     '4.0.0-rc4',
176 silly addNameRange     '3.5.1',
176 silly addNameRange     '4.0.0',
176 silly addNameRange     '3.5.2',
176 silly addNameRange     '4.1.0',
176 silly addNameRange     '4.1.1',
176 silly addNameRange     '3.5.3',
176 silly addNameRange     '4.1.2',
176 silly addNameRange     '3.6.0',
176 silly addNameRange     '4.2.0',
176 silly addNameRange     '3.7.0',
176 silly addNameRange     '3.8.0',
176 silly addNameRange     '4.3.0',
176 silly addNameRange     '4.3.1',
176 silly addNameRange     '3.8.1',
176 silly addNameRange     '4.3.2',
176 silly addNameRange     '3.9.0',
176 silly addNameRange     '4.4.0',
176 silly addNameRange     '4.4.1',
176 silly addNameRange     '3.10.0',
176 silly addNameRange     '3.10.1',
176 silly addNameRange     '3.10.2',
176 silly addNameRange     '3.10.3',
176 silly addNameRange     '3.10.4',
176 silly addNameRange     '4.4.2',
176 silly addNameRange     '3.10.5',
176 silly addNameRange     '4.4.3',
176 silly addNameRange     '3.11.0',
176 silly addNameRange     '4.4.4',
176 silly addNameRange     '3.12.0',
176 silly addNameRange     '3.12.1',
176 silly addNameRange     '4.4.5',
176 silly addNameRange     '3.13.0',
176 silly addNameRange     '4.5.0',
176 silly addNameRange     '4.5.1',
176 silly addNameRange     '3.14.0',
176 silly addNameRange     '4.6.0',
176 silly addNameRange     '4.6.1',
176 silly addNameRange     '3.15.0',
176 silly addNameRange     '4.7.0',
176 silly addNameRange     '3.15.1',
176 silly addNameRange     '4.7.1',
176 silly addNameRange     '3.15.2',
176 silly addNameRange     '4.7.2',
176 silly addNameRange     '4.7.3',
176 silly addNameRange     '3.15.3',
176 silly addNameRange     '4.7.4',
176 silly addNameRange     '3.16.0',
176 silly addNameRange     '4.8.0',
176 silly addNameRange     '3.16.1',
176 silly addNameRange     '4.8.1',
176 silly addNameRange     '3.16.2',
176 silly addNameRange     '4.8.2',
176 silly addNameRange     '3.16.3',
176 silly addNameRange     '3.16.4',
176 silly addNameRange     '4.8.3',
176 silly addNameRange     '3.16.5',
176 silly addNameRange     '3.16.6',
176 silly addNameRange     '4.8.4',
176 silly addNameRange     '3.16.7',
176 silly addNameRange     '4.8.5',
176 silly addNameRange     '3.16.8',
176 silly addNameRange     '4.8.6',
176 silly addNameRange     '3.16.9',
176 silly addNameRange     '4.8.7',
176 silly addNameRange     '3.16.10',
176 silly addNameRange     '4.8.8',
176 silly addNameRange     '3.17.0',
176 silly addNameRange     '3.17.1',
176 silly addNameRange     '4.9.0',
176 silly addNameRange     '3.17.2',
176 silly addNameRange     '4.9.1',
176 silly addNameRange     '4.9.2',
176 silly addNameRange     '3.17.3',
176 silly addNameRange     '4.9.3',
176 silly addNameRange     '3.17.4',
176 silly addNameRange     '4.9.4',
176 silly addNameRange     '3.17.5',
176 silly addNameRange     '4.9.5',
176 silly addNameRange     '3.17.6',
176 silly addNameRange     '3.17.7',
176 silly addNameRange     '4.9.6',
176 silly addNameRange     '4.9.7',
176 silly addNameRange     '3.17.8',
176 silly addNameRange     '4.9.8',
176 silly addNameRange     '3.18.0',
176 silly addNameRange     '3.18.1',
176 silly addNameRange     '4.10.0',
176 silly addNameRange     '3.18.2',
176 silly addNameRange     '4.10.1',
176 silly addNameRange     '5.0.0-alpha.1',
176 silly addNameRange     '3.18.3',
176 silly addNameRange     '4.10.2',
176 silly addNameRange     '3.18.4',
176 silly addNameRange     '4.10.3',
176 silly addNameRange     '4.10.4',
176 silly addNameRange     '4.10.5',
176 silly addNameRange     '3.18.5',
176 silly addNameRange     '3.18.6',
176 silly addNameRange     '4.10.6',
176 silly addNameRange     '4.10.7',
176 silly addNameRange     '3.19.0',
176 silly addNameRange     '4.10.8',
176 silly addNameRange     '4.11.0',
176 silly addNameRange     '3.19.1',
176 silly addNameRange     '4.11.1',
176 silly addNameRange     '3.19.2',
176 silly addNameRange     '4.11.2',
176 silly addNameRange     '3.20.0',
176 silly addNameRange     '4.12.0',
176 silly addNameRange     '3.20.1',
176 silly addNameRange     '4.12.1',
176 silly addNameRange     '4.12.2',
176 silly addNameRange     '3.20.2',
176 silly addNameRange     '4.12.3',
176 silly addNameRange     '3.20.3',
176 silly addNameRange     '4.12.4',
176 silly addNameRange     '3.21.0',
176 silly addNameRange     '4.13.0',
176 silly addNameRange     '3.21.1',
176 silly addNameRange     '4.13.1',
176 silly addNameRange     '5.0.0-alpha.2',
176 silly addNameRange     '3.21.2',
176 silly addNameRange     '4.13.2',
176 silly addNameRange     '4.13.3',
176 silly addNameRange     '4.13.4' ] ]
177 verbose addNamed [ 'express', '4.13.4' ]
178 verbose addNamed [ '4.13.4', '4.13.4' ]
179 silly lockFile 23607823-express-4-13-4 express@4.13.4
180 verbose lock express@4.13.4 /home/gabranches/.npm/23607823-express-4-13-4.lock
181 silly lockFile 1ee1dffb--org-mongoose-mongoose-4-3-7-tgz https://registry.npmjs.org/mongoose/-/mongoose-4.3.7.tgz
182 verbose lock https://registry.npmjs.org/mongoose/-/mongoose-4.3.7.tgz /home/gabranches/.npm/1ee1dffb--org-mongoose-mongoose-4-3-7-tgz.lock
183 verbose addRemoteTarball [ 'https://registry.npmjs.org/mongoose/-/mongoose-4.3.7.tgz',
183 verbose addRemoteTarball   '4178b468611966aab6932a08a77e8bfe1b76c5f3' ]
184 info retry fetch attempt 1 at 17:39:56
185 verbose fetch to= /tmp/npm-3156-cTudR6xo/registry.npmjs.org/mongoose/-/mongoose-4.3.7.tgz
186 http GET https://registry.npmjs.org/mongoose/-/mongoose-4.3.7.tgz
187 http 200 https://registry.npmjs.org/express-session/-/express-session-1.13.0.tgz
188 http 200 https://registry.npmjs.org/body-parser/-/body-parser-1.14.2.tgz
189 silly lockFile e692bfab-dy-parser-body-parser-1-14-2-tgz https://registry.npmjs.org/body-parser/-/body-parser-1.14.2.tgz
190 silly lockFile e692bfab-dy-parser-body-parser-1-14-2-tgz https://registry.npmjs.org/body-parser/-/body-parser-1.14.2.tgz
191 silly lockFile 39b30561-ssion-express-session-1-13-0-tgz https://registry.npmjs.org/express-session/-/express-session-1.13.0.tgz
192 silly lockFile 39b30561-ssion-express-session-1-13-0-tgz https://registry.npmjs.org/express-session/-/express-session-1.13.0.tgz
193 silly lockFile 0510b939-body-parser-1-14-2 body-parser@1.14.2
194 silly lockFile 0510b939-body-parser-1-14-2 body-parser@1.14.2
195 silly lockFile d66c06c6-express-session-1-13-0 express-session@1.13.0
196 silly lockFile d66c06c6-express-session-1-13-0 express-session@1.13.0
197 silly lockFile 1f68d08c-body-parser-1-14-1 body-parser@^1.14.1
198 silly lockFile 1f68d08c-body-parser-1-14-1 body-parser@^1.14.1
199 silly lockFile 0a7d5dad-express-session-1-11-3 express-session@^1.11.3
200 silly lockFile 0a7d5dad-express-session-1-11-3 express-session@^1.11.3
201 silly lockFile 65e0249d-s-org-express-express-4-13-4-tgz https://registry.npmjs.org/express/-/express-4.13.4.tgz
202 verbose lock https://registry.npmjs.org/express/-/express-4.13.4.tgz /home/gabranches/.npm/65e0249d-s-org-express-express-4-13-4-tgz.lock
203 verbose addRemoteTarball [ 'https://registry.npmjs.org/express/-/express-4.13.4.tgz',
203 verbose addRemoteTarball   '3c0b76f3c77590c8345739061ec0bd3ba067ec24' ]
204 info retry fetch attempt 1 at 17:39:56
205 verbose fetch to= /tmp/npm-3156-cTudR6xo/registry.npmjs.org/express/-/express-4.13.4.tgz
206 http GET https://registry.npmjs.org/express/-/express-4.13.4.tgz
207 http 200 https://registry.npmjs.org/express-ipfilter
208 silly registry.get cb [ 200,
208 silly registry.get   { server: 'CouchDB/1.5.0 (Erlang OTP/R16B03)',
208 silly registry.get     etag: '"5SX14E73HXHY0M9RSEEZ3P0EL"',
208 silly registry.get     'content-type': 'application/json',
208 silly registry.get     'cache-control': 'max-age=300',
208 silly registry.get     'content-length': '23545',
208 silly registry.get     'accept-ranges': 'bytes',
208 silly registry.get     date: 'Mon, 01 Feb 2016 22:39:56 GMT',
208 silly registry.get     via: '1.1 varnish',
208 silly registry.get     age: '0',
208 silly registry.get     connection: 'keep-alive',
208 silly registry.get     'x-served-by': 'cache-iad2132-IAD',
208 silly registry.get     'x-cache': 'MISS',
208 silly registry.get     'x-cache-hits': '0',
208 silly registry.get     'x-timer': 'S1454366396.031625,VS0,VE475',
208 silly registry.get     vary: 'Accept' } ]
209 silly lockFile a008c490-lter-express-ipfilter-0-0-24-tgz https://registry.npmjs.org/express-ipfilter/-/express-ipfilter-0.0.24.tgz
210 verbose lock https://registry.npmjs.org/express-ipfilter/-/express-ipfilter-0.0.24.tgz /home/gabranches/.npm/a008c490-lter-express-ipfilter-0-0-24-tgz.lock
211 verbose addRemoteTarball [ 'https://registry.npmjs.org/express-ipfilter/-/express-ipfilter-0.0.24.tgz',
211 verbose addRemoteTarball   '2f7136bcfe90c5b2091e56aa977c90a6d7c44edd' ]
212 info retry fetch attempt 1 at 17:39:56
213 verbose fetch to= /tmp/npm-3156-cTudR6xo/registry.npmjs.org/express-ipfilter/-/express-ipfilter-0.0.24.tgz
214 http GET https://registry.npmjs.org/express-ipfilter/-/express-ipfilter-0.0.24.tgz
215 http 200 https://registry.npmjs.org/mongoose/-/mongoose-4.3.7.tgz
216 http 200 https://registry.npmjs.org/express-ipfilter/-/express-ipfilter-0.0.24.tgz
217 silly lockFile a008c490-lter-express-ipfilter-0-0-24-tgz https://registry.npmjs.org/express-ipfilter/-/express-ipfilter-0.0.24.tgz
218 silly lockFile a008c490-lter-express-ipfilter-0-0-24-tgz https://registry.npmjs.org/express-ipfilter/-/express-ipfilter-0.0.24.tgz
219 silly lockFile d8c2b10c-express-ipfilter-0-0-24 express-ipfilter@0.0.24
220 silly lockFile d8c2b10c-express-ipfilter-0-0-24 express-ipfilter@0.0.24
221 http 200 https://registry.npmjs.org/express/-/express-4.13.4.tgz
222 silly lockFile 65e0249d-s-org-express-express-4-13-4-tgz https://registry.npmjs.org/express/-/express-4.13.4.tgz
223 silly lockFile 65e0249d-s-org-express-express-4-13-4-tgz https://registry.npmjs.org/express/-/express-4.13.4.tgz
224 silly lockFile 23607823-express-4-13-4 express@4.13.4
225 silly lockFile 23607823-express-4-13-4 express@4.13.4
226 silly lockFile 77b2ac86-express-4-10-2 express@^4.10.2
227 silly lockFile 77b2ac86-express-4-10-2 express@^4.10.2
228 silly lockFile 1ee1dffb--org-mongoose-mongoose-4-3-7-tgz https://registry.npmjs.org/mongoose/-/mongoose-4.3.7.tgz
229 silly lockFile 1ee1dffb--org-mongoose-mongoose-4-3-7-tgz https://registry.npmjs.org/mongoose/-/mongoose-4.3.7.tgz
230 silly lockFile e37e40c0-mongoose-4-3-7 mongoose@4.3.7
231 silly lockFile e37e40c0-mongoose-4-3-7 mongoose@4.3.7
232 silly lockFile 05a9f8c4-mongoose-4-2-4 mongoose@^4.2.4
233 silly lockFile 05a9f8c4-mongoose-4-2-4 mongoose@^4.2.4
234 error Error: EACCES, mkdir '/home/gabranches/.npm/body-parser/1.14.2'
234 error  { [Error: EACCES, mkdir '/home/gabranches/.npm/body-parser/1.14.2']
234 error   errno: 3,
234 error   code: 'EACCES',
234 error   path: '/home/gabranches/.npm/body-parser/1.14.2',
234 error   parent: 'CGNM' }
235 error Please try running this command again as root/Administrator.
236 error System Linux 3.19.0-26-generic
237 error command "/usr/bin/node" "/usr/bin/npm" "install"
238 error cwd /home/gabranches/CGNM
239 error node -v v0.10.40
240 error npm -v 1.4.28
241 error path /home/gabranches/.npm/body-parser/1.14.2
242 error code EACCES
243 error errno 3
244 error stack Error: EACCES, mkdir '/home/gabranches/.npm/body-parser/1.14.2'
245 verbose exit [ 3, true ]
